# JRE version: Java(TM) SE Runtime Environment (8.0_161-b12) (build 1.8.0_161-b12)
# Java VM: Java HotSpot(TM) Client VM (25.161-b12 mixed mode windows-x86 )
Heap:
 def new generation   total 11648K, used 8694K [0x03c00000, 0x048a0000, 0x09150000)
  eden space 10368K,  73% used [0x03c00000, 0x04379eb8, 0x04620000)
  from space 1280K,  81% used [0x04620000, 0x04723b10, 0x04760000)
  to   space 1280K,   0% used [0x04760000, 0x04760000, 0x048a0000)
 tenured generation   total 25760K, used 19524K [0x09150000, 0x0aa78000, 0x13c00000)
   the space 25760K,  75% used [0x09150000, 0x0a461398, 0x0a461400, 0x0aa78000)
 Metaspace       used 27848K, capacity 28731K, committed 28800K, reserved 30080K
GC Heap History (10 events):
Event: 12.333 GC heap before
{Heap before GC invocations=66 (full 3):
 def new generation   total 11648K, used 11358K [0x03c00000, 0x048a0000, 0x09150000)
  eden space 10368K, 100% used [0x03c00000, 0x04620000, 0x04620000)
  from space 1280K,  77% used [0x04760000, 0x04857840, 0x048a0000)
  to   space 1280K,   0% used [0x04620000, 0x04620000, 0x04760000)
 tenured generation   total 25760K, used 18524K [0x09150000, 0x0aa78000, 0x13c00000)
   the space 25760K,  71% used [0x09150000, 0x0a3672c0, 0x0a367400, 0x0aa78000)
 Metaspace       used 24484K, capacity 25326K, committed 25472K, reserved 25984K
Event: 12.340 GC heap after
Heap after GC invocations=67 (full 3):
 def new generation   total 11648K, used 879K [0x03c00000, 0x048a0000, 0x09150000)
  eden space 10368K,   0% used [0x03c00000, 0x03c00000, 0x04620000)
  from space 1280K,  68% used [0x04620000, 0x046fbef0, 0x04760000)
  to   space 1280K,   0% used [0x04760000, 0x04760000, 0x048a0000)
 tenured generation   total 25760K, used 18640K [0x09150000, 0x0aa78000, 0x13c00000)
   the space 25760K,  72% used [0x09150000, 0x0a384148, 0x0a384200, 0x0aa78000)
 Metaspace       used 24484K, capacity 25326K, committed 25472K, reserved 25984K
}
Event: 12.770 GC heap before
{Heap before GC invocations=67 (full 3):
 def new generation   total 11648K, used 11247K [0x03c00000, 0x048a0000, 0x09150000)
  eden space 10368K, 100% used [0x03c00000, 0x04620000, 0x04620000)
  from space 1280K,  68% used [0x04620000, 0x046fbef0, 0x04760000)
  to   space 1280K,   0% used [0x04760000, 0x04760000, 0x048a0000)
 tenured generation   total 25760K, used 18640K [0x09150000, 0x0aa78000, 0x13c00000)
   the space 25760K,  72% used [0x09150000, 0x0a384148, 0x0a384200, 0x0aa78000)
 Metaspace       used 25252K, capacity 26085K, committed 26112K, reserved 27008K
Event: 12.777 GC heap after
Heap after GC invocations=68 (full 3):
 def new generation   total 11648K, used 1087K [0x03c00000, 0x048a0000, 0x09150000)
  eden space 10368K,   0% used [0x03c00000, 0x03c00000, 0x04620000)
  from space 1280K,  84% used [0x04760000, 0x0486fdb8, 0x048a0000)
  to   space 1280K,   0% used [0x04620000, 0x04620000, 0x04760000)
 tenured generation   total 25760K, used 18798K [0x09150000, 0x0aa78000, 0x13c00000)
   the space 25760K,  72% used [0x09150000, 0x0a3ab9c0, 0x0a3aba00, 0x0aa78000)
 Metaspace       used 25252K, capacity 26085K, committed 26112K, reserved 27008K
}
Event: 13.215 GC heap before
{Heap before GC invocations=68 (full 3):
 def new generation   total 11648K, used 11455K [0x03c00000, 0x048a0000, 0x09150000)
  eden space 10368K, 100% used [0x03c00000, 0x04620000, 0x04620000)
  from space 1280K,  84% used [0x04760000, 0x0486fdb8, 0x048a0000)
  to   space 1280K,   0% used [0x04620000, 0x04620000, 0x04760000)
 tenured generation   total 25760K, used 18798K [0x09150000, 0x0aa78000, 0x13c00000)
   the space 25760K,  72% used [0x09150000, 0x0a3ab9c0, 0x0a3aba00, 0x0aa78000)
 Metaspace       used 26074K, capacity 26919K, committed 27008K, reserved 27008K
Event: 13.224 GC heap after
Heap after GC invocations=69 (full 3):
 def new generation   total 11648K, used 1243K [0x03c00000, 0x048a0000, 0x09150000)
  eden space 10368K,   0% used [0x03c00000, 0x03c00000, 0x04620000)
  from space 1280K,  97% used [0x04620000, 0x04756ce0, 0x04760000)
  to   space 1280K,   0% used [0x04760000, 0x04760000, 0x048a0000)
 tenured generation   total 25760K, used 18960K [0x09150000, 0x0aa78000, 0x13c00000)
   the space 25760K,  73% used [0x09150000, 0x0a3d43c8, 0x0a3d4400, 0x0aa78000)
 Metaspace       used 26074K, capacity 26919K, committed 27008K, reserved 27008K
}
Event: 13.555 GC heap before
{Heap before GC invocations=69 (full 3):
 def new generation   total 11648K, used 11611K [0x03c00000, 0x048a0000, 0x09150000)
  eden space 10368K, 100% used [0x03c00000, 0x04620000, 0x04620000)
  from space 1280K,  97% used [0x04620000, 0x04756ce0, 0x04760000)
  to   space 1280K,   0% used [0x04760000, 0x04760000, 0x048a0000)
 tenured generation   total 25760K, used 18960K [0x09150000, 0x0aa78000, 0x13c00000)
   the space 25760K,  73% used [0x09150000, 0x0a3d43c8, 0x0a3d4400, 0x0aa78000)
 Metaspace       used 26909K, capacity 27754K, committed 27776K, reserved 28032K
Event: 13.564 GC heap after
Heap after GC invocations=70 (full 3):
 def new generation   total 11648K, used 1219K [0x03c00000, 0x048a0000, 0x09150000)
  eden space 10368K,   0% used [0x03c00000, 0x03c00000, 0x04620000)
  from space 1280K,  95% used [0x04760000, 0x04890df8, 0x048a0000)
  to   space 1280K,   0% used [0x04620000, 0x04620000, 0x04760000)
 tenured generation   total 25760K, used 19251K [0x09150000, 0x0aa78000, 0x13c00000)
   the space 25760K,  74% used [0x09150000, 0x0a41ce88, 0x0a41d000, 0x0aa78000)
 Metaspace       used 26909K, capacity 27754K, committed 27776K, reserved 28032K
}
Event: 13.891 GC heap before
{Heap before GC invocations=70 (full 3):
 def new generation   total 11648K, used 11587K [0x03c00000, 0x048a0000, 0x09150000)
  eden space 10368K, 100% used [0x03c00000, 0x04620000, 0x04620000)
  from space 1280K,  95% used [0x04760000, 0x04890df8, 0x048a0000)
  to   space 1280K,   0% used [0x04620000, 0x04620000, 0x04760000)
 tenured generation   total 25760K, used 19251K [0x09150000, 0x0aa78000, 0x13c00000)
   the space 25760K,  74% used [0x09150000, 0x0a41ce88, 0x0a41d000, 0x0aa78000)
 Metaspace       used 27545K, capacity 28409K, committed 28544K, reserved 30080K
Event: 13.900 GC heap after
Heap after GC invocations=71 (full 3):
 def new generation   total 11648K, used 1038K [0x03c00000, 0x048a0000, 0x09150000)
  eden space 10368K,   0% used [0x03c00000, 0x03c00000, 0x04620000)
  from space 1280K,  81% used [0x04620000, 0x04723b10, 0x04760000)
  to   space 1280K,   0% used [0x04760000, 0x04760000, 0x048a0000)
 tenured generation   total 25760K, used 19524K [0x09150000, 0x0aa78000, 0x13c00000)
   the space 25760K,  75% used [0x09150000, 0x0a461398, 0x0a461400, 0x0aa78000)
 Metaspace       used 27545K, capacity 28409K, committed 28544K, reserved 30080K
}

